22:21:39 **** Build of configuration Debug for project miniProject2 ****
make all 
Building file: ../miniProject2.c
Invoking: AVR Compiler
avr-gcc -Wall -g2 -gstabs -O0 -fpack-struct -fshort-enums -ffunction-sections -fdata-sections -std=gnu99 -funsigned-char -funsigned-bitfields -mmcu=atmega16 -DF_CPU=1000000UL -MMD -MP -MF"miniProject2.d" -MT"miniProject2.o" -c -o "miniProject2.o" "../miniProject2.c"
In file included from ../miniProject2.c:3:
c:/winavr-20100110/lib/gcc/../../avr/include/util/delay.h:90:3: warning: #warning "Compiler optimizations disabled; functions from <util/delay.h> won't work as designed"
Finished building: ../miniProject2.c
 
Building target: miniProject2.elf
Invoking: AVR C Linker
avr-gcc -Wl,-Map,miniProject2.map -mmcu=atmega16 -o "miniProject2.elf"  ./miniProject2.o   
Finished building target: miniProject2.elf
 
Invoking: AVR Create Extended Listing
avr-objdump -h -S miniProject2.elf  >"miniProject2.lss"
Finished building: miniProject2.lss
 
Invoking: Print Size
avr-size --format=avr --mcu=atmega16 miniProject2.elf
AVR Memory Usage
----------------
Device: atmega16

Program:    5206 bytes (31.8% Full)
(.text + .data + .bootloader)

Data:         14 bytes (1.4% Full)
(.data + .bss + .noinit)


Finished building: sizedummy
 
22:42:56 **** Incremental Build of configuration Debug for project miniProject2 ****
make all 
Building file: ../miniProject2.c
Invoking: AVR Compiler
avr-gcc -Wall -g2 -gstabs -O0 -fpack-struct -fshort-enums -ffunction-sections -fdata-sections -std=gnu99 -funsigned-char -funsigned-bitfields -mmcu=atmega16 -DF_CPU=1000000UL -MMD -MP -MF"miniProject2.d" -MT"miniProject2.o" -c -o "miniProject2.o" "../miniProject2.c"
In file included from ../miniProject2.c:3:
c:/winavr-20100110/lib/gcc/../../avr/include/util/delay.h:90:3: warning: #warning "Compiler optimizations disabled; functions from <util/delay.h> won't work as designed"
Finished building: ../miniProject2.c
 
Building target: miniProject2.elf
Invoking: AVR C Linker
avr-gcc -Wl,-Map,miniProject2.map -mmcu=atmega16 -o "miniProject2.elf"  ./miniProject2.o   
Finished building target: miniProject2.elf
 
Invoking: AVR Create Extended Listing
avr-objdump -h -S miniProject2.elf  >"miniProject2.lss"
Finished building: miniProject2.lss
 
Invoking: Print Size
avr-size --format=avr --mcu=atmega16 miniProject2.elf
AVR Memory Usage
----------------
Device: atmega16

Program:    5418 bytes (33.1% Full)
(.text + .data + .bootloader)

Data:         14 bytes (1.4% Full)
(.data + .bss + .noinit)


Finished building: sizedummy
 
22:52:11 **** Incremental Build of configuration Debug for project miniProject2 ****
make all 
Building file: ../miniProject2.c
Invoking: AVR Compiler
avr-gcc -Wall -g2 -gstabs -O0 -fpack-struct -fshort-enums -ffunction-sections -fdata-sections -std=gnu99 -funsigned-char -funsigned-bitfields -mmcu=atmega16 -DF_CPU=1000000UL -MMD -MP -MF"miniProject2.d" -MT"miniProject2.o" -c -o "miniProject2.o" "../miniProject2.c"
In file included from ../miniProject2.c:3:
c:/winavr-20100110/lib/gcc/../../avr/include/util/delay.h:90:3: warning: #warning "Compiler optimizations disabled; functions from <util/delay.h> won't work as designed"
Finished building: ../miniProject2.c
 
Building target: miniProject2.elf
Invoking: AVR C Linker
avr-gcc -Wl,-Map,miniProject2.map -mmcu=atmega16 -o "miniProject2.elf"  ./miniProject2.o   
Finished building target: miniProject2.elf
 
Invoking: AVR Create Extended Listing
avr-objdump -h -S miniProject2.elf  >"miniProject2.lss"
Finished building: miniProject2.lss
 
Invoking: Print Size
avr-size --format=avr --mcu=atmega16 miniProject2.elf
AVR Memory Usage
----------------
Device: atmega16

Program:    5432 bytes (33.2% Full)
(.text + .data + .bootloader)

Data:         14 bytes (1.4% Full)
(.data + .bss + .noinit)


Finished building: sizedummy
 
23:04:52 **** Incremental Build of configuration Debug for project miniProject2 ****
make all 
Building file: ../miniProject2.c
Invoking: AVR Compiler
avr-gcc -Wall -g2 -gstabs -O0 -fpack-struct -fshort-enums -ffunction-sections -fdata-sections -std=gnu99 -funsigned-char -funsigned-bitfields -mmcu=atmega16 -DF_CPU=1000000UL -MMD -MP -MF"miniProject2.d" -MT"miniProject2.o" -c -o "miniProject2.o" "../miniProject2.c"
In file included from ../miniProject2.c:3:
c:/winavr-20100110/lib/gcc/../../avr/include/util/delay.h:90:3: warning: #warning "Compiler optimizations disabled; functions from <util/delay.h> won't work as designed"
Finished building: ../miniProject2.c
 
Building target: miniProject2.elf
Invoking: AVR C Linker
avr-gcc -Wl,-Map,miniProject2.map -mmcu=atmega16 -o "miniProject2.elf"  ./miniProject2.o   
Finished building target: miniProject2.elf
 
Invoking: AVR Create Extended Listing
avr-objdump -h -S miniProject2.elf  >"miniProject2.lss"
Finished building: miniProject2.lss
 
Invoking: Print Size
avr-size --format=avr --mcu=atmega16 miniProject2.elf
AVR Memory Usage
----------------
Device: atmega16

Program:    5432 bytes (33.2% Full)
(.text + .data + .bootloader)

Data:         14 bytes (1.4% Full)
(.data + .bss + .noinit)


Finished building: sizedummy
 
23:20:26 **** Incremental Build of configuration Debug for project miniProject2 ****
make all 
Building file: ../miniProject2.c
Invoking: AVR Compiler
avr-gcc -Wall -g2 -gstabs -O0 -fpack-struct -fshort-enums -ffunction-sections -fdata-sections -std=gnu99 -funsigned-char -funsigned-bitfields -mmcu=atmega16 -DF_CPU=1000000UL -MMD -MP -MF"miniProject2.d" -MT"miniProject2.o" -c -o "miniProject2.o" "../miniProject2.c"
In file included from ../miniProject2.c:3:
c:/winavr-20100110/lib/gcc/../../avr/include/util/delay.h:90:3: warning: #warning "Compiler optimizations disabled; functions from <util/delay.h> won't work as designed"
Finished building: ../miniProject2.c
 
Building target: miniProject2.elf
Invoking: AVR C Linker
avr-gcc -Wl,-Map,miniProject2.map -mmcu=atmega16 -o "miniProject2.elf"  ./miniProject2.o   
Finished building target: miniProject2.elf
 
Invoking: AVR Create Extended Listing
avr-objdump -h -S miniProject2.elf  >"miniProject2.lss"
Finished building: miniProject2.lss
 
Invoking: Print Size
avr-size --format=avr --mcu=atmega16 miniProject2.elf
AVR Memory Usage
----------------
Device: atmega16

Program:    5430 bytes (33.1% Full)
(.text + .data + .bootloader)

Data:         14 bytes (1.4% Full)
(.data + .bss + .noinit)


Finished building: sizedummy
 
23:21:44 **** Incremental Build of configuration Debug for project miniProject2 ****
make all 
Building file: ../miniProject2.c
Invoking: AVR Compiler
avr-gcc -Wall -g2 -gstabs -O0 -fpack-struct -fshort-enums -ffunction-sections -fdata-sections -std=gnu99 -funsigned-char -funsigned-bitfields -mmcu=atmega16 -DF_CPU=1000000UL -MMD -MP -MF"miniProject2.d" -MT"miniProject2.o" -c -o "miniProject2.o" "../miniProject2.c"
In file included from ../miniProject2.c:3:
c:/winavr-20100110/lib/gcc/../../avr/include/util/delay.h:90:3: warning: #warning "Compiler optimizations disabled; functions from <util/delay.h> won't work as designed"
Finished building: ../miniProject2.c
 
Building target: miniProject2.elf
Invoking: AVR C Linker
avr-gcc -Wl,-Map,miniProject2.map -mmcu=atmega16 -o "miniProject2.elf"  ./miniProject2.o   
Finished building target: miniProject2.elf
 
Invoking: AVR Create Extended Listing
avr-objdump -h -S miniProject2.elf  >"miniProject2.lss"
Finished building: miniProject2.lss
 
Invoking: Print Size
avr-size --format=avr --mcu=atmega16 miniProject2.elf
AVR Memory Usage
----------------
Device: atmega16

Program:    5444 bytes (33.2% Full)
(.text + .data + .bootloader)

Data:         14 bytes (1.4% Full)
(.data + .bss + .noinit)


Finished building: sizedummy
 
12:22:52 **** Build of configuration Debug for project miniProject2 ****
make all 
Building file: ../.metadata/.plugins/org.eclipse.cdt.make.core/specs.c
Invoking: AVR Compiler
avr-gcc -Wall -g2 -gstabs -O0 -fpack-struct -fshort-enums -ffunction-sections -fdata-sections -std=gnu99 -funsigned-char -funsigned-bitfields -mmcu=atmega16 -DF_CPU=1000000UL -MMD -MP -MF".metadata/.plugins/org.eclipse.cdt.make.core/specs.d" -MT".metadata/.plugins/org.eclipse.cdt.make.core/specs.o" -c -o ".metadata/.plugins/org.eclipse.cdt.make.core/specs.o" "../.metadata/.plugins/org.eclipse.cdt.make.core/specs.c"
Finished building: ../.metadata/.plugins/org.eclipse.cdt.make.core/specs.c
 
Building file: ../miniProject2.c
Invoking: AVR Compiler
avr-gcc -Wall -g2 -gstabs -O0 -fpack-struct -fshort-enums -ffunction-sections -fdata-sections -std=gnu99 -funsigned-char -funsigned-bitfields -mmcu=atmega16 -DF_CPU=1000000UL -MMD -MP -MF"miniProject2.d" -MT"miniProject2.o" -c -o "miniProject2.o" "../miniProject2.c"
In file included from ../miniProject2.c:3:
c:/winavr-20100110/lib/gcc/../../avr/include/util/delay.h:90:3: warning: #warning "Compiler optimizations disabled; functions from <util/delay.h> won't work as designed"
Finished building: ../miniProject2.c
 
Building target: miniProject2.elf
Invoking: AVR C Linker
avr-gcc -Wl,-Map,miniProject2.map -mmcu=atmega16 -o "miniProject2.elf"  ./.metadata/.plugins/org.eclipse.cdt.make.core/specs.o  ./miniProject2.o   
Finished building target: miniProject2.elf
 
Invoking: AVR Create Extended Listing
avr-objdump -h -S miniProject2.elf  >"miniProject2.lss"
Finished building: miniProject2.lss
 
Invoking: Print Size
avr-size --format=avr --mcu=atmega16 miniProject2.elf
AVR Memory Usage
----------------
Device: atmega16

Program:    5444 bytes (33.2% Full)
(.text + .data + .bootloader)

Data:         14 bytes (1.4% Full)
(.data + .bss + .noinit)


Finished building: sizedummy
 
12:55:20 **** Incremental Build of configuration Debug for project miniProject2 ****
make all 
Building file: ../miniProject2.c
Invoking: AVR Compiler
avr-gcc -Wall -g2 -gstabs -O0 -fpack-struct -fshort-enums -ffunction-sections -fdata-sections -std=gnu99 -funsigned-char -funsigned-bitfields -mmcu=atmega16 -DF_CPU=1000000UL -MMD -MP -MF"miniProject2.d" -MT"miniProject2.o" -c -o "miniProject2.o" "../miniProject2.c"
In file included from ../miniProject2.c:3:
c:/winavr-20100110/lib/gcc/../../avr/include/util/delay.h:90:3: warning: #warning "Compiler optimizations disabled; functions from <util/delay.h> won't work as designed"
../miniProject2.c: In function 'main':
../miniProject2.c:49: error: called object '1' is not a function
make: *** [miniProject2.o] Error 1
"make all" terminated with exit code 2. Build might be incomplete.
12:55:34 **** Incremental Build of configuration Debug for project miniProject2 ****
make all 
Building file: ../miniProject2.c
Invoking: AVR Compiler
avr-gcc -Wall -g2 -gstabs -O0 -fpack-struct -fshort-enums -ffunction-sections -fdata-sections -std=gnu99 -funsigned-char -funsigned-bitfields -mmcu=atmega16 -DF_CPU=1000000UL -MMD -MP -MF"miniProject2.d" -MT"miniProject2.o" -c -o "miniProject2.o" "../miniProject2.c"
In file included from ../miniProject2.c:3:
c:/winavr-20100110/lib/gcc/../../avr/include/util/delay.h:90:3: warning: #warning "Compiler optimizations disabled; functions from <util/delay.h> won't work as designed"
Finished building: ../miniProject2.c
 
Building target: miniProject2.elf
Invoking: AVR C Linker
avr-gcc -Wl,-Map,miniProject2.map -mmcu=atmega16 -o "miniProject2.elf"  ./.metadata/.plugins/org.eclipse.cdt.make.core/specs.o  ./miniProject2.o   
Finished building target: miniProject2.elf
 
Invoking: AVR Create Extended Listing
avr-objdump -h -S miniProject2.elf  >"miniProject2.lss"
Finished building: miniProject2.lss
 
Invoking: Print Size
avr-size --format=avr --mcu=atmega16 miniProject2.elf
AVR Memory Usage
----------------
Device: atmega16

Program:    5444 bytes (33.2% Full)
(.text + .data + .bootloader)

Data:         14 bytes (1.4% Full)
(.data + .bss + .noinit)


Finished building: sizedummy
 
12:56:05 **** Incremental Build of configuration Debug for project miniProject2 ****
make all 
Building file: ../miniProject2.c
Invoking: AVR Compiler
avr-gcc -Wall -g2 -gstabs -O0 -fpack-struct -fshort-enums -ffunction-sections -fdata-sections -std=gnu99 -funsigned-char -funsigned-bitfields -mmcu=atmega16 -DF_CPU=1000000UL -MMD -MP -MF"miniProject2.d" -MT"miniProject2.o" -c -o "miniProject2.o" "../miniProject2.c"
In file included from ../miniProject2.c:3:
c:/winavr-20100110/lib/gcc/../../avr/include/util/delay.h:90:3: warning: #warning "Compiler optimizations disabled; functions from <util/delay.h> won't work as designed"
Finished building: ../miniProject2.c
 
Building target: miniProject2.elf
Invoking: AVR C Linker
avr-gcc -Wl,-Map,miniProject2.map -mmcu=atmega16 -o "miniProject2.elf"  ./.metadata/.plugins/org.eclipse.cdt.make.core/specs.o  ./miniProject2.o   
Finished building target: miniProject2.elf
 
Invoking: AVR Create Extended Listing
avr-objdump -h -S miniProject2.elf  >"miniProject2.lss"
Finished building: miniProject2.lss
 
Invoking: Print Size
avr-size --format=avr --mcu=atmega16 miniProject2.elf
AVR Memory Usage
----------------
Device: atmega16

Program:    5444 bytes (33.2% Full)
(.text + .data + .bootloader)

Data:         14 bytes (1.4% Full)
(.data + .bss + .noinit)


Finished building: sizedummy
 
12:56:37 **** Incremental Build of configuration Debug for project miniProject2 ****
make all 
Building file: ../miniProject2.c
Invoking: AVR Compiler
avr-gcc -Wall -g2 -gstabs -O0 -fpack-struct -fshort-enums -ffunction-sections -fdata-sections -std=gnu99 -funsigned-char -funsigned-bitfields -mmcu=atmega16 -DF_CPU=1000000UL -MMD -MP -MF"miniProject2.d" -MT"miniProject2.o" -c -o "miniProject2.o" "../miniProject2.c"
In file included from ../miniProject2.c:3:
c:/winavr-20100110/lib/gcc/../../avr/include/util/delay.h:90:3: warning: #warning "Compiler optimizations disabled; functions from <util/delay.h> won't work as designed"
Finished building: ../miniProject2.c
 
Building target: miniProject2.elf
Invoking: AVR C Linker
avr-gcc -Wl,-Map,miniProject2.map -mmcu=atmega16 -o "miniProject2.elf"  ./.metadata/.plugins/org.eclipse.cdt.make.core/specs.o  ./miniProject2.o   
Finished building target: miniProject2.elf
 
Invoking: AVR Create Extended Listing
avr-objdump -h -S miniProject2.elf  >"miniProject2.lss"
Finished building: miniProject2.lss
 
Invoking: Print Size
avr-size --format=avr --mcu=atmega16 miniProject2.elf
AVR Memory Usage
----------------
Device: atmega16

Program:    5444 bytes (33.2% Full)
(.text + .data + .bootloader)

Data:         14 bytes (1.4% Full)
(.data + .bss + .noinit)


Finished building: sizedummy
 
12:57:31 **** Incremental Build of configuration Debug for project miniProject2 ****
make all 
Building file: ../miniProject2.c
Invoking: AVR Compiler
avr-gcc -Wall -g2 -gstabs -O0 -fpack-struct -fshort-enums -ffunction-sections -fdata-sections -std=gnu99 -funsigned-char -funsigned-bitfields -mmcu=atmega16 -DF_CPU=1000000UL -MMD -MP -MF"miniProject2.d" -MT"miniProject2.o" -c -o "miniProject2.o" "../miniProject2.c"
In file included from ../miniProject2.c:3:
c:/winavr-20100110/lib/gcc/../../avr/include/util/delay.h:90:3: warning: #warning "Compiler optimizations disabled; functions from <util/delay.h> won't work as designed"
Finished building: ../miniProject2.c
 
Building target: miniProject2.elf
Invoking: AVR C Linker
avr-gcc -Wl,-Map,miniProject2.map -mmcu=atmega16 -o "miniProject2.elf"  ./.metadata/.plugins/org.eclipse.cdt.make.core/specs.o  ./miniProject2.o   
Finished building target: miniProject2.elf
 
Invoking: AVR Create Extended Listing
avr-objdump -h -S miniProject2.elf  >"miniProject2.lss"
Finished building: miniProject2.lss
 
Invoking: Print Size
avr-size --format=avr --mcu=atmega16 miniProject2.elf
AVR Memory Usage
----------------
Device: atmega16

Program:    5444 bytes (33.2% Full)
(.text + .data + .bootloader)

Data:         14 bytes (1.4% Full)
(.data + .bss + .noinit)


Finished building: sizedummy
 
12:59:12 **** Incremental Build of configuration Debug for project miniProject2 ****
make all 
Building file: ../miniProject2.c
Invoking: AVR Compiler
avr-gcc -Wall -g2 -gstabs -O0 -fpack-struct -fshort-enums -ffunction-sections -fdata-sections -std=gnu99 -funsigned-char -funsigned-bitfields -mmcu=atmega16 -DF_CPU=1000000UL -MMD -MP -MF"miniProject2.d" -MT"miniProject2.o" -c -o "miniProject2.o" "../miniProject2.c"
In file included from ../miniProject2.c:3:
c:/winavr-20100110/lib/gcc/../../avr/include/util/delay.h:90:3: warning: #warning "Compiler optimizations disabled; functions from <util/delay.h> won't work as designed"
Finished building: ../miniProject2.c
 
Building target: miniProject2.elf
Invoking: AVR C Linker
avr-gcc -Wl,-Map,miniProject2.map -mmcu=atmega16 -o "miniProject2.elf"  ./.metadata/.plugins/org.eclipse.cdt.make.core/specs.o  ./miniProject2.o   
Finished building target: miniProject2.elf
 
Invoking: AVR Create Extended Listing
avr-objdump -h -S miniProject2.elf  >"miniProject2.lss"
Finished building: miniProject2.lss
 
Invoking: Print Size
avr-size --format=avr --mcu=atmega16 miniProject2.elf
AVR Memory Usage
----------------
Device: atmega16

Program:    5430 bytes (33.1% Full)
(.text + .data + .bootloader)

Data:         14 bytes (1.4% Full)
(.data + .bss + .noinit)


Finished building: sizedummy
 
13:05:00 **** Incremental Build of configuration Debug for project miniProject2 ****
make all 
Building file: ../miniProject2.c
Invoking: AVR Compiler
avr-gcc -Wall -g2 -gstabs -O0 -fpack-struct -fshort-enums -ffunction-sections -fdata-sections -std=gnu99 -funsigned-char -funsigned-bitfields -mmcu=atmega16 -DF_CPU=1000000UL -MMD -MP -MF"miniProject2.d" -MT"miniProject2.o" -c -o "miniProject2.o" "../miniProject2.c"
In file included from ../miniProject2.c:3:
c:/winavr-20100110/lib/gcc/../../avr/include/util/delay.h:90:3: warning: #warning "Compiler optimizations disabled; functions from <util/delay.h> won't work as designed"
Finished building: ../miniProject2.c
 
Building target: miniProject2.elf
Invoking: AVR C Linker
avr-gcc -Wl,-Map,miniProject2.map -mmcu=atmega16 -o "miniProject2.elf"  ./.metadata/.plugins/org.eclipse.cdt.make.core/specs.o  ./miniProject2.o   
Finished building target: miniProject2.elf
 
Invoking: AVR Create Extended Listing
avr-objdump -h -S miniProject2.elf  >"miniProject2.lss"
Finished building: miniProject2.lss
 
Invoking: Print Size
avr-size --format=avr --mcu=atmega16 miniProject2.elf
AVR Memory Usage
----------------
Device: atmega16

Program:    5438 bytes (33.2% Full)
(.text + .data + .bootloader)

Data:         14 bytes (1.4% Full)
(.data + .bss + .noinit)


Finished building: sizedummy
 
13:08:02 **** Incremental Build of configuration Debug for project miniProject2 ****
make all 
Building file: ../miniProject2.c
Invoking: AVR Compiler
avr-gcc -Wall -g2 -gstabs -O0 -fpack-struct -fshort-enums -ffunction-sections -fdata-sections -std=gnu99 -funsigned-char -funsigned-bitfields -mmcu=atmega16 -DF_CPU=1000000UL -MMD -MP -MF"miniProject2.d" -MT"miniProject2.o" -c -o "miniProject2.o" "../miniProject2.c"
In file included from ../miniProject2.c:3:
c:/winavr-20100110/lib/gcc/../../avr/include/util/delay.h:90:3: warning: #warning "Compiler optimizations disabled; functions from <util/delay.h> won't work as designed"
Finished building: ../miniProject2.c
 
Building target: miniProject2.elf
Invoking: AVR C Linker
avr-gcc -Wl,-Map,miniProject2.map -mmcu=atmega16 -o "miniProject2.elf"  ./.metadata/.plugins/org.eclipse.cdt.make.core/specs.o  ./miniProject2.o   
Finished building target: miniProject2.elf
 
Invoking: AVR Create Extended Listing
avr-objdump -h -S miniProject2.elf  >"miniProject2.lss"
Finished building: miniProject2.lss
 
Invoking: Print Size
avr-size --format=avr --mcu=atmega16 miniProject2.elf
AVR Memory Usage
----------------
Device: atmega16

Program:    5438 bytes (33.2% Full)
(.text + .data + .bootloader)

Data:         14 bytes (1.4% Full)
(.data + .bss + .noinit)


Finished building: sizedummy
 
09:35:43 **** Incremental Build of configuration Debug for project miniProject2 ****
make all 
Building file: ../.metadata/.plugins/org.eclipse.cdt.make.core/specs.c
Invoking: AVR Compiler
avr-gcc -Wall -g2 -gstabs -O0 -fpack-struct -fshort-enums -ffunction-sections -fdata-sections -std=gnu99 -funsigned-char -funsigned-bitfields -mmcu=atmega16 -DF_CPU=1000000UL -MMD -MP -MF".metadata/.plugins/org.eclipse.cdt.make.core/specs.d" -MT".metadata/.plugins/org.eclipse.cdt.make.core/specs.o" -c -o ".metadata/.plugins/org.eclipse.cdt.make.core/specs.o" "../.metadata/.plugins/org.eclipse.cdt.make.core/specs.c"
Finished building: ../.metadata/.plugins/org.eclipse.cdt.make.core/specs.c
 
Building file: ../miniProject2.c
Invoking: AVR Compiler
avr-gcc -Wall -g2 -gstabs -O0 -fpack-struct -fshort-enums -ffunction-sections -fdata-sections -std=gnu99 -funsigned-char -funsigned-bitfields -mmcu=atmega16 -DF_CPU=1000000UL -MMD -MP -MF"miniProject2.d" -MT"miniProject2.o" -c -o "miniProject2.o" "../miniProject2.c"
In file included from ../miniProject2.c:3:
c:/winavr-20100110/lib/gcc/../../avr/include/util/delay.h:90:3: warning: #warning "Compiler optimizations disabled; functions from <util/delay.h> won't work as designed"
Finished building: ../miniProject2.c
 
Building target: miniProject2.elf
Invoking: AVR C Linker
avr-gcc -Wl,-Map,miniProject2.map -mmcu=atmega16 -o "miniProject2.elf"  ./.metadata/.plugins/org.eclipse.cdt.make.core/specs.o  ./miniProject2.o   
Finished building target: miniProject2.elf
 
Invoking: AVR Create Extended Listing
avr-objdump -h -S miniProject2.elf  >"miniProject2.lss"
Finished building: miniProject2.lss
 
Invoking: Print Size
avr-size --format=avr --mcu=atmega16 miniProject2.elf
AVR Memory Usage
----------------
Device: atmega16

Program:    5482 bytes (33.5% Full)
(.text + .data + .bootloader)

Data:         14 bytes (1.4% Full)
(.data + .bss + .noinit)


Finished building: sizedummy
 
