09:35:43 **** Incremental Build of configuration Debug for project miniProject2 ****
make all 
Building file: ../.metadata/.plugins/org.eclipse.cdt.make.core/specs.c
Invoking: AVR Compiler
avr-gcc -Wall -g2 -gstabs -O0 -fpack-struct -fshort-enums -ffunction-sections -fdata-sections -std=gnu99 -funsigned-char -funsigned-bitfields -mmcu=atmega16 -DF_CPU=1000000UL -MMD -MP -MF".metadata/.plugins/org.eclipse.cdt.make.core/specs.d" -MT".metadata/.plugins/org.eclipse.cdt.make.core/specs.o" -c -o ".metadata/.plugins/org.eclipse.cdt.make.core/specs.o" "../.metadata/.plugins/org.eclipse.cdt.make.core/specs.c"
Finished building: ../.metadata/.plugins/org.eclipse.cdt.make.core/specs.c
 
Building file: ../miniProject2.c
Invoking: AVR Compiler
avr-gcc -Wall -g2 -gstabs -O0 -fpack-struct -fshort-enums -ffunction-sections -fdata-sections -std=gnu99 -funsigned-char -funsigned-bitfields -mmcu=atmega16 -DF_CPU=1000000UL -MMD -MP -MF"miniProject2.d" -MT"miniProject2.o" -c -o "miniProject2.o" "../miniProject2.c"
In file included from ../miniProject2.c:3:
c:/winavr-20100110/lib/gcc/../../avr/include/util/delay.h:90:3: warning: #warning "Compiler optimizations disabled; functions from <util/delay.h> won't work as designed"
Finished building: ../miniProject2.c
 
Building target: miniProject2.elf
Invoking: AVR C Linker
avr-gcc -Wl,-Map,miniProject2.map -mmcu=atmega16 -o "miniProject2.elf"  ./.metadata/.plugins/org.eclipse.cdt.make.core/specs.o  ./miniProject2.o   
Finished building target: miniProject2.elf
 
Invoking: AVR Create Extended Listing
avr-objdump -h -S miniProject2.elf  >"miniProject2.lss"
Finished building: miniProject2.lss
 
Invoking: Print Size
avr-size --format=avr --mcu=atmega16 miniProject2.elf
AVR Memory Usage
----------------
Device: atmega16

Program:    5482 bytes (33.5% Full)
(.text + .data + .bootloader)

Data:         14 bytes (1.4% Full)
(.data + .bss + .noinit)


Finished building: sizedummy
 

09:35:52 Build Finished. 0 errors, 1 warnings. (took 8s.351ms)

