21:06:28 **** Build of configuration Debug for project Project4 ****
make all 
Building file: ../Project4.c
Invoking: AVR Compiler
avr-gcc -Wall -g2 -gstabs -O0 -fpack-struct -fshort-enums -ffunction-sections -fdata-sections -std=gnu99 -funsigned-char -funsigned-bitfields -mmcu=atmega16 -DF_CPU=1000000UL -MMD -MP -MF"Project4.d" -MT"Project4.o" -c -o "Project4.o" "../Project4.c"
Finished building: ../Project4.c
 
Building file: ../Ultrasonic_sensor_HC_SR04.c
Invoking: AVR Compiler
avr-gcc -Wall -g2 -gstabs -O0 -fpack-struct -fshort-enums -ffunction-sections -fdata-sections -std=gnu99 -funsigned-char -funsigned-bitfields -mmcu=atmega16 -DF_CPU=1000000UL -MMD -MP -MF"Ultrasonic_sensor_HC_SR04.d" -MT"Ultrasonic_sensor_HC_SR04.o" -c -o "Ultrasonic_sensor_HC_SR04.o" "../Ultrasonic_sensor_HC_SR04.c"
In file included from ../Ultrasonic_sensor_HC_SR04.c:16:
c:/winavr-20100110/lib/gcc/../../avr/include/util/delay.h:90:3: warning: #warning "Compiler optimizations disabled; functions from <util/delay.h> won't work as designed"
../Ultrasonic_sensor_HC_SR04.c: In function 'Ultrasonic_init':
../Ultrasonic_sensor_HC_SR04.c:34: warning: implicit declaration of function 'GPIO_setUpPinDirection'
Finished building: ../Ultrasonic_sensor_HC_SR04.c
 
Building file: ../gpio.c
Invoking: AVR Compiler
avr-gcc -Wall -g2 -gstabs -O0 -fpack-struct -fshort-enums -ffunction-sections -fdata-sections -std=gnu99 -funsigned-char -funsigned-bitfields -mmcu=atmega16 -DF_CPU=1000000UL -MMD -MP -MF"gpio.d" -MT"gpio.o" -c -o "gpio.o" "../gpio.c"
Finished building: ../gpio.c
 
Building file: ../icu.c
Invoking: AVR Compiler
avr-gcc -Wall -g2 -gstabs -O0 -fpack-struct -fshort-enums -ffunction-sections -fdata-sections -std=gnu99 -funsigned-char -funsigned-bitfields -mmcu=atmega16 -DF_CPU=1000000UL -MMD -MP -MF"icu.d" -MT"icu.o" -c -o "icu.o" "../icu.c"
../icu.c: In function 'Icu_setCallBack':
../icu.c:82: warning: function return types not compatible due to 'volatile'
Finished building: ../icu.c
 
Building file: ../lcd.c
Invoking: AVR Compiler
avr-gcc -Wall -g2 -gstabs -O0 -fpack-struct -fshort-enums -ffunction-sections -fdata-sections -std=gnu99 -funsigned-char -funsigned-bitfields -mmcu=atmega16 -DF_CPU=1000000UL -MMD -MP -MF"lcd.d" -MT"lcd.o" -c -o "lcd.o" "../lcd.c"
In file included from ../lcd.c:13:
c:/winavr-20100110/lib/gcc/../../avr/include/util/delay.h:90:3: warning: #warning "Compiler optimizations disabled; functions from <util/delay.h> won't work as designed"
../lcd.c: In function 'LCD_intgerToString':
../lcd.c:145: warning: implicit declaration of function 'itoa'
Finished building: ../lcd.c
 
Building target: Project4.elf
Invoking: AVR C Linker
avr-gcc -Wl,-Map,Project4.map -mmcu=atmega16 -o "Project4.elf"  ./Project4.o ./Ultrasonic_sensor_HC_SR04.o ./gpio.o ./icu.o ./lcd.o   
./Ultrasonic_sensor_HC_SR04.o: In function `Ultrasonic_init':
../Ultrasonic_sensor_HC_SR04.c:34: undefined reference to `GPIO_setUpPinDirection'
make: *** [Project4.elf] Error 1
"make all" terminated with exit code 2. Build might be incomplete.
21:07:00 **** Incremental Build of configuration Debug for project Project4 ****
make all 
Building file: ../Ultrasonic_sensor_HC_SR04.c
Invoking: AVR Compiler
avr-gcc -Wall -g2 -gstabs -O0 -fpack-struct -fshort-enums -ffunction-sections -fdata-sections -std=gnu99 -funsigned-char -funsigned-bitfields -mmcu=atmega16 -DF_CPU=1000000UL -MMD -MP -MF"Ultrasonic_sensor_HC_SR04.d" -MT"Ultrasonic_sensor_HC_SR04.o" -c -o "Ultrasonic_sensor_HC_SR04.o" "../Ultrasonic_sensor_HC_SR04.c"
In file included from ../Ultrasonic_sensor_HC_SR04.c:16:
c:/winavr-20100110/lib/gcc/../../avr/include/util/delay.h:90:3: warning: #warning "Compiler optimizations disabled; functions from <util/delay.h> won't work as designed"
Finished building: ../Ultrasonic_sensor_HC_SR04.c
 
Building target: Project4.elf
Invoking: AVR C Linker
avr-gcc -Wl,-Map,Project4.map -mmcu=atmega16 -o "Project4.elf"  ./Project4.o ./Ultrasonic_sensor_HC_SR04.o ./gpio.o ./icu.o ./lcd.o   
Finished building target: Project4.elf
 
Invoking: AVR Create Extended Listing
avr-objdump -h -S Project4.elf  >"Project4.lss"
Finished building: Project4.lss
 
Invoking: Print Size
avr-size --format=avr --mcu=atmega16 Project4.elf
AVR Memory Usage
----------------
Device: atmega16

Program:    9400 bytes (57.4% Full)
(.text + .data + .bootloader)

Data:        283 bytes (27.6% Full)
(.data + .bss + .noinit)


Finished building: sizedummy
 
21:09:10 **** Incremental Build of configuration Debug for project Project4 ****
make all 
Building file: ../Project4.c
Invoking: AVR Compiler
avr-gcc -Wall -g2 -gstabs -O0 -fpack-struct -fshort-enums -ffunction-sections -fdata-sections -std=gnu99 -funsigned-char -funsigned-bitfields -mmcu=atmega16 -DF_CPU=1000000UL -MMD -MP -MF"Project4.d" -MT"Project4.o" -c -o "Project4.o" "../Project4.c"
Finished building: ../Project4.c
 
Building target: Project4.elf
Invoking: AVR C Linker
avr-gcc -Wl,-Map,Project4.map -mmcu=atmega16 -o "Project4.elf"  ./Project4.o ./Ultrasonic_sensor_HC_SR04.o ./gpio.o ./icu.o ./lcd.o   
Finished building target: Project4.elf
 
Invoking: AVR Create Extended Listing
avr-objdump -h -S Project4.elf  >"Project4.lss"
Finished building: Project4.lss
 
Invoking: Print Size
avr-size --format=avr --mcu=atmega16 Project4.elf
AVR Memory Usage
----------------
Device: atmega16

Program:    9408 bytes (57.4% Full)
(.text + .data + .bootloader)

Data:        283 bytes (27.6% Full)
(.data + .bss + .noinit)


Finished building: sizedummy
 
21:10:59 **** Incremental Build of configuration Debug for project Project4 ****
make all 
Building file: ../Project4.c
Invoking: AVR Compiler
avr-gcc -Wall -g2 -gstabs -O0 -fpack-struct -fshort-enums -ffunction-sections -fdata-sections -std=gnu99 -funsigned-char -funsigned-bitfields -mmcu=atmega16 -DF_CPU=1000000UL -MMD -MP -MF"Project4.d" -MT"Project4.o" -c -o "Project4.o" "../Project4.c"
Finished building: ../Project4.c
 
Building target: Project4.elf
Invoking: AVR C Linker
avr-gcc -Wl,-Map,Project4.map -mmcu=atmega16 -o "Project4.elf"  ./Project4.o ./Ultrasonic_sensor_HC_SR04.o ./gpio.o ./icu.o ./lcd.o   
Finished building target: Project4.elf
 
Invoking: AVR Create Extended Listing
avr-objdump -h -S Project4.elf  >"Project4.lss"
Finished building: Project4.lss
 
Invoking: Print Size
avr-size --format=avr --mcu=atmega16 Project4.elf
AVR Memory Usage
----------------
Device: atmega16

Program:    9422 bytes (57.5% Full)
(.text + .data + .bootloader)

Data:        283 bytes (27.6% Full)
(.data + .bss + .noinit)


Finished building: sizedummy
 
21:15:27 **** Incremental Build of configuration Debug for project Project4 ****
make all 
Building file: ../Project4.c
Invoking: AVR Compiler
avr-gcc -Wall -g2 -gstabs -O0 -fpack-struct -fshort-enums -ffunction-sections -fdata-sections -std=gnu99 -funsigned-char -funsigned-bitfields -mmcu=atmega16 -DF_CPU=1000000UL -MMD -MP -MF"Project4.d" -MT"Project4.o" -c -o "Project4.o" "../Project4.c"
Finished building: ../Project4.c
 
Building target: Project4.elf
Invoking: AVR C Linker
avr-gcc -Wl,-Map,Project4.map -mmcu=atmega16 -o "Project4.elf"  ./Project4.o ./Ultrasonic_sensor_HC_SR04.o ./gpio.o ./icu.o ./lcd.o   
Finished building target: Project4.elf
 
Invoking: AVR Create Extended Listing
avr-objdump -h -S Project4.elf  >"Project4.lss"
Finished building: Project4.lss
 
Invoking: Print Size
avr-size --format=avr --mcu=atmega16 Project4.elf
AVR Memory Usage
----------------
Device: atmega16

Program:    9428 bytes (57.5% Full)
(.text + .data + .bootloader)

Data:        289 bytes (28.2% Full)
(.data + .bss + .noinit)


Finished building: sizedummy
 
21:15:58 **** Incremental Build of configuration Debug for project Project4 ****
make all 
Building file: ../Project4.c
Invoking: AVR Compiler
avr-gcc -Wall -g2 -gstabs -O0 -fpack-struct -fshort-enums -ffunction-sections -fdata-sections -std=gnu99 -funsigned-char -funsigned-bitfields -mmcu=atmega16 -DF_CPU=1000000UL -MMD -MP -MF"Project4.d" -MT"Project4.o" -c -o "Project4.o" "../Project4.c"
Finished building: ../Project4.c
 
Building target: Project4.elf
Invoking: AVR C Linker
avr-gcc -Wl,-Map,Project4.map -mmcu=atmega16 -o "Project4.elf"  ./Project4.o ./Ultrasonic_sensor_HC_SR04.o ./gpio.o ./icu.o ./lcd.o   
Finished building target: Project4.elf
 
Invoking: AVR Create Extended Listing
avr-objdump -h -S Project4.elf  >"Project4.lss"
Finished building: Project4.lss
 
Invoking: Print Size
avr-size --format=avr --mcu=atmega16 Project4.elf
AVR Memory Usage
----------------
Device: atmega16

Program:    9426 bytes (57.5% Full)
(.text + .data + .bootloader)

Data:        287 bytes (28.0% Full)
(.data + .bss + .noinit)


Finished building: sizedummy
 
21:16:23 **** Incremental Build of configuration Debug for project Project4 ****
make all 
Building file: ../Project4.c
Invoking: AVR Compiler
avr-gcc -Wall -g2 -gstabs -O0 -fpack-struct -fshort-enums -ffunction-sections -fdata-sections -std=gnu99 -funsigned-char -funsigned-bitfields -mmcu=atmega16 -DF_CPU=1000000UL -MMD -MP -MF"Project4.d" -MT"Project4.o" -c -o "Project4.o" "../Project4.c"
Finished building: ../Project4.c
 
Building target: Project4.elf
Invoking: AVR C Linker
avr-gcc -Wl,-Map,Project4.map -mmcu=atmega16 -o "Project4.elf"  ./Project4.o ./Ultrasonic_sensor_HC_SR04.o ./gpio.o ./icu.o ./lcd.o   
Finished building target: Project4.elf
 
Invoking: AVR Create Extended Listing
avr-objdump -h -S Project4.elf  >"Project4.lss"
Finished building: Project4.lss
 
Invoking: Print Size
avr-size --format=avr --mcu=atmega16 Project4.elf
AVR Memory Usage
----------------
Device: atmega16

Program:    9422 bytes (57.5% Full)
(.text + .data + .bootloader)

Data:        283 bytes (27.6% Full)
(.data + .bss + .noinit)


Finished building: sizedummy
 
21:17:39 **** Incremental Build of configuration Debug for project Project4 ****
make all 
Building file: ../Project4.c
Invoking: AVR Compiler
avr-gcc -Wall -g2 -gstabs -O0 -fpack-struct -fshort-enums -ffunction-sections -fdata-sections -std=gnu99 -funsigned-char -funsigned-bitfields -mmcu=atmega16 -DF_CPU=1000000UL -MMD -MP -MF"Project4.d" -MT"Project4.o" -c -o "Project4.o" "../Project4.c"
Finished building: ../Project4.c
 
Building target: Project4.elf
Invoking: AVR C Linker
avr-gcc -Wl,-Map,Project4.map -mmcu=atmega16 -o "Project4.elf"  ./Project4.o ./Ultrasonic_sensor_HC_SR04.o ./gpio.o ./icu.o ./lcd.o   
Finished building target: Project4.elf
 
Invoking: AVR Create Extended Listing
avr-objdump -h -S Project4.elf  >"Project4.lss"
Finished building: Project4.lss
 
Invoking: Print Size
avr-size --format=avr --mcu=atmega16 Project4.elf
AVR Memory Usage
----------------
Device: atmega16

Program:    9422 bytes (57.5% Full)
(.text + .data + .bootloader)

Data:        283 bytes (27.6% Full)
(.data + .bss + .noinit)


Finished building: sizedummy
 
21:18:06 **** Incremental Build of configuration Debug for project Project4 ****
make all 
Building file: ../Project4.c
Invoking: AVR Compiler
avr-gcc -Wall -g2 -gstabs -O0 -fpack-struct -fshort-enums -ffunction-sections -fdata-sections -std=gnu99 -funsigned-char -funsigned-bitfields -mmcu=atmega16 -DF_CPU=1000000UL -MMD -MP -MF"Project4.d" -MT"Project4.o" -c -o "Project4.o" "../Project4.c"
Finished building: ../Project4.c
 
Building target: Project4.elf
Invoking: AVR C Linker
avr-gcc -Wl,-Map,Project4.map -mmcu=atmega16 -o "Project4.elf"  ./Project4.o ./Ultrasonic_sensor_HC_SR04.o ./gpio.o ./icu.o ./lcd.o   
Finished building target: Project4.elf
 
Invoking: AVR Create Extended Listing
avr-objdump -h -S Project4.elf  >"Project4.lss"
Finished building: Project4.lss
 
Invoking: Print Size
avr-size --format=avr --mcu=atmega16 Project4.elf
AVR Memory Usage
----------------
Device: atmega16

Program:    9428 bytes (57.5% Full)
(.text + .data + .bootloader)

Data:        289 bytes (28.2% Full)
(.data + .bss + .noinit)


Finished building: sizedummy
 
21:21:26 **** Incremental Build of configuration Debug for project Project4 ****
make all 
Building file: ../Project4.c
Invoking: AVR Compiler
avr-gcc -Wall -g2 -gstabs -O0 -fpack-struct -fshort-enums -ffunction-sections -fdata-sections -std=gnu99 -funsigned-char -funsigned-bitfields -mmcu=atmega16 -DF_CPU=1000000UL -MMD -MP -MF"Project4.d" -MT"Project4.o" -c -o "Project4.o" "../Project4.c"
../Project4.c: In function 'main':
../Project4.c:23: warning: passing argument 1 of 'LCD_displayCharacter' makes integer from pointer without a cast
../Project4.c:27: warning: passing argument 1 of 'LCD_displayCharacter' makes integer from pointer without a cast
Finished building: ../Project4.c
 
Building target: Project4.elf
Invoking: AVR C Linker
avr-gcc -Wl,-Map,Project4.map -mmcu=atmega16 -o "Project4.elf"  ./Project4.o ./Ultrasonic_sensor_HC_SR04.o ./gpio.o ./icu.o ./lcd.o   
Finished building target: Project4.elf
 
Invoking: AVR Create Extended Listing
avr-objdump -h -S Project4.elf  >"Project4.lss"
Finished building: Project4.lss
 
Invoking: Print Size
avr-size --format=avr --mcu=atmega16 Project4.elf
AVR Memory Usage
----------------
Device: atmega16

Program:    9482 bytes (57.9% Full)
(.text + .data + .bootloader)

Data:        291 bytes (28.4% Full)
(.data + .bss + .noinit)


Finished building: sizedummy
 
21:22:10 **** Incremental Build of configuration Debug for project Project4 ****
make all 
Building file: ../Project4.c
Invoking: AVR Compiler
avr-gcc -Wall -g2 -gstabs -O0 -fpack-struct -fshort-enums -ffunction-sections -fdata-sections -std=gnu99 -funsigned-char -funsigned-bitfields -mmcu=atmega16 -DF_CPU=1000000UL -MMD -MP -MF"Project4.d" -MT"Project4.o" -c -o "Project4.o" "../Project4.c"
Finished building: ../Project4.c
 
Building target: Project4.elf
Invoking: AVR C Linker
avr-gcc -Wl,-Map,Project4.map -mmcu=atmega16 -o "Project4.elf"  ./Project4.o ./Ultrasonic_sensor_HC_SR04.o ./gpio.o ./icu.o ./lcd.o   
Finished building target: Project4.elf
 
Invoking: AVR Create Extended Listing
avr-objdump -h -S Project4.elf  >"Project4.lss"
Finished building: Project4.lss
 
Invoking: Print Size
avr-size --format=avr --mcu=atmega16 Project4.elf
AVR Memory Usage
----------------
Device: atmega16

Program:    9476 bytes (57.8% Full)
(.text + .data + .bootloader)

Data:        289 bytes (28.2% Full)
(.data + .bss + .noinit)


Finished building: sizedummy
 
21:30:01 **** Incremental Build of configuration Debug for project Project4 ****
make all 
Building file: ../Project4.c
Invoking: AVR Compiler
avr-gcc -Wall -g2 -gstabs -O0 -fpack-struct -fshort-enums -ffunction-sections -fdata-sections -std=gnu99 -funsigned-char -funsigned-bitfields -mmcu=atmega16 -DF_CPU=1000000UL -MMD -MP -MF"Project4.d" -MT"Project4.o" -c -o "Project4.o" "../Project4.c"
Finished building: ../Project4.c
 
Building target: Project4.elf
Invoking: AVR C Linker
avr-gcc -Wl,-Map,Project4.map -mmcu=atmega16 -o "Project4.elf"  ./Project4.o ./Ultrasonic_sensor_HC_SR04.o ./gpio.o ./icu.o ./lcd.o   
Finished building target: Project4.elf
 
Invoking: AVR Create Extended Listing
avr-objdump -h -S Project4.elf  >"Project4.lss"
Finished building: Project4.lss
 
Invoking: Print Size
avr-size --format=avr --mcu=atmega16 Project4.elf
AVR Memory Usage
----------------
Device: atmega16

Program:    9476 bytes (57.8% Full)
(.text + .data + .bootloader)

Data:        289 bytes (28.2% Full)
(.data + .bss + .noinit)


Finished building: sizedummy
 
19:01:40 **** Incremental Build of configuration Debug for project Project4 ****
make all 
Building file: ../Project4.c
Invoking: AVR Compiler
avr-gcc -Wall -g2 -gstabs -O0 -fpack-struct -fshort-enums -ffunction-sections -fdata-sections -std=gnu99 -funsigned-char -funsigned-bitfields -mmcu=atmega16 -DF_CPU=1000000UL -MMD -MP -MF"Project4.d" -MT"Project4.o" -c -o "Project4.o" "../Project4.c"
Finished building: ../Project4.c
 
Building file: ../Ultrasonic_sensor_HC_SR04.c
Invoking: AVR Compiler
avr-gcc -Wall -g2 -gstabs -O0 -fpack-struct -fshort-enums -ffunction-sections -fdata-sections -std=gnu99 -funsigned-char -funsigned-bitfields -mmcu=atmega16 -DF_CPU=1000000UL -MMD -MP -MF"Ultrasonic_sensor_HC_SR04.d" -MT"Ultrasonic_sensor_HC_SR04.o" -c -o "Ultrasonic_sensor_HC_SR04.o" "../Ultrasonic_sensor_HC_SR04.c"
In file included from ../Ultrasonic_sensor_HC_SR04.c:20:
c:/winavr-20100110/lib/gcc/../../avr/include/util/delay.h:90:3: warning: #warning "Compiler optimizations disabled; functions from <util/delay.h> won't work as designed"
Finished building: ../Ultrasonic_sensor_HC_SR04.c
 
Building file: ../gpio.c
Invoking: AVR Compiler
avr-gcc -Wall -g2 -gstabs -O0 -fpack-struct -fshort-enums -ffunction-sections -fdata-sections -std=gnu99 -funsigned-char -funsigned-bitfields -mmcu=atmega16 -DF_CPU=1000000UL -MMD -MP -MF"gpio.d" -MT"gpio.o" -c -o "gpio.o" "../gpio.c"
Finished building: ../gpio.c
 
Building file: ../icu.c
Invoking: AVR Compiler
avr-gcc -Wall -g2 -gstabs -O0 -fpack-struct -fshort-enums -ffunction-sections -fdata-sections -std=gnu99 -funsigned-char -funsigned-bitfields -mmcu=atmega16 -DF_CPU=1000000UL -MMD -MP -MF"icu.d" -MT"icu.o" -c -o "icu.o" "../icu.c"
../icu.c: In function 'Icu_setCallBack':
../icu.c:82: warning: function return types not compatible due to 'volatile'
Finished building: ../icu.c
 
Building file: ../lcd.c
Invoking: AVR Compiler
avr-gcc -Wall -g2 -gstabs -O0 -fpack-struct -fshort-enums -ffunction-sections -fdata-sections -std=gnu99 -funsigned-char -funsigned-bitfields -mmcu=atmega16 -DF_CPU=1000000UL -MMD -MP -MF"lcd.d" -MT"lcd.o" -c -o "lcd.o" "../lcd.c"
In file included from ../lcd.c:13:
c:/winavr-20100110/lib/gcc/../../avr/include/util/delay.h:90:3: warning: #warning "Compiler optimizations disabled; functions from <util/delay.h> won't work as designed"
../lcd.c: In function 'LCD_intgerToString':
../lcd.c:145: warning: implicit declaration of function 'itoa'
Finished building: ../lcd.c
 
Building target: Project4.elf
Invoking: AVR C Linker
avr-gcc -Wl,-Map,Project4.map -mmcu=atmega16 -o "Project4.elf"  ./Project4.o ./Ultrasonic_sensor_HC_SR04.o ./gpio.o ./icu.o ./lcd.o   
Finished building target: Project4.elf
 
Invoking: AVR Create Extended Listing
avr-objdump -h -S Project4.elf  >"Project4.lss"
Finished building: Project4.lss
 
Invoking: Print Size
avr-size --format=avr --mcu=atmega16 Project4.elf
AVR Memory Usage
----------------
Device: atmega16

Program:    9476 bytes (57.8% Full)
(.text + .data + .bootloader)

Data:        289 bytes (28.2% Full)
(.data + .bss + .noinit)


Finished building: sizedummy
 
