12:21:12 **** Incremental Build of configuration Debug for project mini_project3 ****
make all 
Building file: ../motor.c
Invoking: AVR Compiler
avr-gcc -Wall -g2 -gstabs -O0 -fpack-struct -fshort-enums -ffunction-sections -fdata-sections -std=gnu99 -funsigned-char -funsigned-bitfields -mmcu=atmega16 -DF_CPU=1000000UL -MMD -MP -MF"motor.d" -MT"motor.o" -c -o "motor.o" "../motor.c"
Finished building: ../motor.c
 
Building file: ../pwm.c
Invoking: AVR Compiler
avr-gcc -Wall -g2 -gstabs -O0 -fpack-struct -fshort-enums -ffunction-sections -fdata-sections -std=gnu99 -funsigned-char -funsigned-bitfields -mmcu=atmega16 -DF_CPU=1000000UL -MMD -MP -MF"pwm.d" -MT"pwm.o" -c -o "pwm.o" "../pwm.c"
Finished building: ../pwm.c
 
Building target: mini_project3.elf
Invoking: AVR C Linker
avr-gcc -Wl,-Map,mini_project3.map -mmcu=atmega16 -o "mini_project3.elf"  ./adc.o ./fanController.o ./gpio.o ./lcd.o ./lm35_sensor.o ./motor.o ./pwm.o   
Finished building target: mini_project3.elf
 
Invoking: AVR Create Extended Listing
avr-objdump -h -S mini_project3.elf  >"mini_project3.lss"
Finished building: mini_project3.lss
 
Invoking: Print Size
avr-size --format=avr --mcu=atmega16 mini_project3.elf
AVR Memory Usage
----------------
Device: atmega16

Program:    9348 bytes (57.1% Full)
(.text + .data + .bootloader)

Data:        310 bytes (30.3% Full)
(.data + .bss + .noinit)


Finished building: sizedummy
 

12:21:14 Build Finished. 0 errors, 0 warnings. (took 1s.312ms)

